<?xml version="1.0" encoding="UTF-8"?>
<!-- Generated by org.testng.reporters.JUnitXMLReporter -->
<testsuite ignored="1" hostname="DESKTOP-0BP7HQF" failures="1" tests="1" name="Default test(failed)" time="35.145" errors="0" timestamp="2023-01-29T09:27:37 IST">
  <testcase classname="Module1_LoginTest.FacebookTestPage" name="VarifyText" time="5.311">
    <failure type="java.lang.AssertionError" message="failed-due diff result expected [pqrs789@01] but found [Today&amp;apos;s picks]">
      <![CDATA[java.lang.AssertionError: failed-due diff result expected [pqrs789@01] but found [Today's picks]
at Module1_LoginTest.FacebookTestPage.VarifyText(FacebookTestPage.java:63)
at java.base/java.util.ArrayList.forEach(ArrayList.java:1511)
... Removed 32 stack frames]]>
    </failure>
  </testcase> <!-- VarifyText -->
  <testcase classname="Module1_LoginTest.FacebookTestPage" name="VarifySmalaHome" time="0.0">
    <ignored/>
  </testcase> <!-- VarifySmalaHome -->
</testsuite> <!-- Default test(failed) -->
